[1.016s] Invoking command in '/home/sam/multiturtle_ws/src/multiturtle_sync': PYTHONPATH=/home/sam/multiturtle_ws/build/multiturtle_sync/prefix_override:/usr/lib/python3/dist-packages/colcon_core/task/python/colcon_distutils_commands:/home/sam/multiturtle_ws/install/multiturtle_sync/lib/python3.10/site-packages:${PYTHONPATH} /usr/bin/python3 -W ignore:setup.py install is deprecated -W ignore:easy_install command is deprecated setup.py egg_info --egg-base ../../build/multiturtle_sync build --build-base /home/sam/multiturtle_ws/build/multiturtle_sync/build install --record /home/sam/multiturtle_ws/build/multiturtle_sync/install.log --single-version-externally-managed install_data
[1.313s] running egg_info
[1.331s] writing ../../build/multiturtle_sync/multiturtle_sync.egg-info/PKG-INFO
[1.332s] writing dependency_links to ../../build/multiturtle_sync/multiturtle_sync.egg-info/dependency_links.txt
[1.332s] writing entry points to ../../build/multiturtle_sync/multiturtle_sync.egg-info/entry_points.txt
[1.332s] writing requirements to ../../build/multiturtle_sync/multiturtle_sync.egg-info/requires.txt
[1.332s] writing top-level names to ../../build/multiturtle_sync/multiturtle_sync.egg-info/top_level.txt
[1.373s] reading manifest file '../../build/multiturtle_sync/multiturtle_sync.egg-info/SOURCES.txt'
[1.374s] writing manifest file '../../build/multiturtle_sync/multiturtle_sync.egg-info/SOURCES.txt'
[1.374s] running build
[1.374s] running build_py
[1.375s] copying multiturtle_sync/pattern_selector_gui.py -> /home/sam/multiturtle_ws/build/multiturtle_sync/build/lib/multiturtle_sync
[1.375s] running install
[1.382s] running install_lib
[1.401s] copying /home/sam/multiturtle_ws/build/multiturtle_sync/build/lib/multiturtle_sync/pattern_selector_gui.py -> /home/sam/multiturtle_ws/install/multiturtle_sync/lib/python3.10/site-packages/multiturtle_sync
[1.402s] byte-compiling /home/sam/multiturtle_ws/install/multiturtle_sync/lib/python3.10/site-packages/multiturtle_sync/pattern_selector_gui.py to pattern_selector_gui.cpython-310.pyc
[1.404s] running install_data
[1.404s] running install_egg_info
[1.425s] removing '/home/sam/multiturtle_ws/install/multiturtle_sync/lib/python3.10/site-packages/multiturtle_sync-0.0.0-py3.10.egg-info' (and everything under it)
[1.425s] Copying ../../build/multiturtle_sync/multiturtle_sync.egg-info to /home/sam/multiturtle_ws/install/multiturtle_sync/lib/python3.10/site-packages/multiturtle_sync-0.0.0-py3.10.egg-info
[1.426s] running install_scripts
[1.690s] Installing pattern_gui script to /home/sam/multiturtle_ws/install/multiturtle_sync/lib/multiturtle_sync
[1.690s] Installing synchronized_drawer script to /home/sam/multiturtle_ws/install/multiturtle_sync/lib/multiturtle_sync
[1.691s] writing list of installed files to '/home/sam/multiturtle_ws/build/multiturtle_sync/install.log'
[1.757s] Invoked command in '/home/sam/multiturtle_ws/src/multiturtle_sync' returned '0': PYTHONPATH=/home/sam/multiturtle_ws/build/multiturtle_sync/prefix_override:/usr/lib/python3/dist-packages/colcon_core/task/python/colcon_distutils_commands:/home/sam/multiturtle_ws/install/multiturtle_sync/lib/python3.10/site-packages:${PYTHONPATH} /usr/bin/python3 -W ignore:setup.py install is deprecated -W ignore:easy_install command is deprecated setup.py egg_info --egg-base ../../build/multiturtle_sync build --build-base /home/sam/multiturtle_ws/build/multiturtle_sync/build install --record /home/sam/multiturtle_ws/build/multiturtle_sync/install.log --single-version-externally-managed install_data
