running egg_info
creating ../../build/multiturtle_sync/multiturtle_sync.egg-info
writing ../../build/multiturtle_sync/multiturtle_sync.egg-info/PKG-INFO
writing dependency_links to ../../build/multiturtle_sync/multiturtle_sync.egg-info/dependency_links.txt
writing entry points to ../../build/multiturtle_sync/multiturtle_sync.egg-info/entry_points.txt
writing requirements to ../../build/multiturtle_sync/multiturtle_sync.egg-info/requires.txt
writing top-level names to ../../build/multiturtle_sync/multiturtle_sync.egg-info/top_level.txt
writing manifest file '../../build/multiturtle_sync/multiturtle_sync.egg-info/SOURCES.txt'
reading manifest file '../../build/multiturtle_sync/multiturtle_sync.egg-info/SOURCES.txt'
writing manifest file '../../build/multiturtle_sync/multiturtle_sync.egg-info/SOURCES.txt'
running build
running build_py
creating /home/sam/multiturtle_ws/build/multiturtle_sync/build
creating /home/sam/multiturtle_ws/build/multiturtle_sync/build/lib
creating /home/sam/multiturtle_ws/build/multiturtle_sync/build/lib/multiturtle_sync
copying multiturtle_sync/synchronized_drawer.py -> /home/sam/multiturtle_ws/build/multiturtle_sync/build/lib/multiturtle_sync
copying multiturtle_sync/__init__.py -> /home/sam/multiturtle_ws/build/multiturtle_sync/build/lib/multiturtle_sync
running install
running install_lib
creating /home/sam/multiturtle_ws/install/multiturtle_sync/lib/python3.10/site-packages/multiturtle_sync
copying /home/sam/multiturtle_ws/build/multiturtle_sync/build/lib/multiturtle_sync/synchronized_drawer.py -> /home/sam/multiturtle_ws/install/multiturtle_sync/lib/python3.10/site-packages/multiturtle_sync
copying /home/sam/multiturtle_ws/build/multiturtle_sync/build/lib/multiturtle_sync/__init__.py -> /home/sam/multiturtle_ws/install/multiturtle_sync/lib/python3.10/site-packages/multiturtle_sync
byte-compiling /home/sam/multiturtle_ws/install/multiturtle_sync/lib/python3.10/site-packages/multiturtle_sync/synchronized_drawer.py to synchronized_drawer.cpython-310.pyc
byte-compiling /home/sam/multiturtle_ws/install/multiturtle_sync/lib/python3.10/site-packages/multiturtle_sync/__init__.py to __init__.cpython-310.pyc
running install_data
creating /home/sam/multiturtle_ws/install/multiturtle_sync/share/ament_index
creating /home/sam/multiturtle_ws/install/multiturtle_sync/share/ament_index/resource_index
creating /home/sam/multiturtle_ws/install/multiturtle_sync/share/ament_index/resource_index/packages
copying resource/multiturtle_sync -> /home/sam/multiturtle_ws/install/multiturtle_sync/share/ament_index/resource_index/packages
copying package.xml -> /home/sam/multiturtle_ws/install/multiturtle_sync/share/multiturtle_sync
running install_egg_info
Copying ../../build/multiturtle_sync/multiturtle_sync.egg-info to /home/sam/multiturtle_ws/install/multiturtle_sync/lib/python3.10/site-packages/multiturtle_sync-0.0.0-py3.10.egg-info
running install_scripts
Installing synchronized_drawer script to /home/sam/multiturtle_ws/install/multiturtle_sync/lib/multiturtle_sync
writing list of installed files to '/home/sam/multiturtle_ws/build/multiturtle_sync/install.log'
