[0.880s] Invoking command in '/home/sam/multiturtle_ws/src/multiturtle_sync': PYTHONPATH=/home/sam/multiturtle_ws/build/multiturtle_sync/prefix_override:/usr/lib/python3/dist-packages/colcon_core/task/python/colcon_distutils_commands:/home/sam/multiturtle_ws/install/multiturtle_sync/lib/python3.10/site-packages:${PYTHONPATH} /usr/bin/python3 -W ignore:setup.py install is deprecated -W ignore:easy_install command is deprecated setup.py egg_info --egg-base ../../build/multiturtle_sync build --build-base /home/sam/multiturtle_ws/build/multiturtle_sync/build install --record /home/sam/multiturtle_ws/build/multiturtle_sync/install.log --single-version-externally-managed install_data
[1.132s] running egg_info
[1.132s] creating ../../build/multiturtle_sync/multiturtle_sync.egg-info
[1.150s] writing ../../build/multiturtle_sync/multiturtle_sync.egg-info/PKG-INFO
[1.150s] writing dependency_links to ../../build/multiturtle_sync/multiturtle_sync.egg-info/dependency_links.txt
[1.150s] writing entry points to ../../build/multiturtle_sync/multiturtle_sync.egg-info/entry_points.txt
[1.150s] writing requirements to ../../build/multiturtle_sync/multiturtle_sync.egg-info/requires.txt
[1.150s] writing top-level names to ../../build/multiturtle_sync/multiturtle_sync.egg-info/top_level.txt
[1.150s] writing manifest file '../../build/multiturtle_sync/multiturtle_sync.egg-info/SOURCES.txt'
[1.180s] reading manifest file '../../build/multiturtle_sync/multiturtle_sync.egg-info/SOURCES.txt'
[1.181s] writing manifest file '../../build/multiturtle_sync/multiturtle_sync.egg-info/SOURCES.txt'
[1.181s] running build
[1.181s] running build_py
[1.181s] creating /home/sam/multiturtle_ws/build/multiturtle_sync/build
[1.181s] creating /home/sam/multiturtle_ws/build/multiturtle_sync/build/lib
[1.182s] creating /home/sam/multiturtle_ws/build/multiturtle_sync/build/lib/multiturtle_sync
[1.182s] copying multiturtle_sync/synchronized_drawer.py -> /home/sam/multiturtle_ws/build/multiturtle_sync/build/lib/multiturtle_sync
[1.182s] copying multiturtle_sync/__init__.py -> /home/sam/multiturtle_ws/build/multiturtle_sync/build/lib/multiturtle_sync
[1.182s] running install
[1.187s] running install_lib
[1.202s] creating /home/sam/multiturtle_ws/install/multiturtle_sync/lib/python3.10/site-packages/multiturtle_sync
[1.202s] copying /home/sam/multiturtle_ws/build/multiturtle_sync/build/lib/multiturtle_sync/synchronized_drawer.py -> /home/sam/multiturtle_ws/install/multiturtle_sync/lib/python3.10/site-packages/multiturtle_sync
[1.203s] copying /home/sam/multiturtle_ws/build/multiturtle_sync/build/lib/multiturtle_sync/__init__.py -> /home/sam/multiturtle_ws/install/multiturtle_sync/lib/python3.10/site-packages/multiturtle_sync
[1.203s] byte-compiling /home/sam/multiturtle_ws/install/multiturtle_sync/lib/python3.10/site-packages/multiturtle_sync/synchronized_drawer.py to synchronized_drawer.cpython-310.pyc
[1.204s] byte-compiling /home/sam/multiturtle_ws/install/multiturtle_sync/lib/python3.10/site-packages/multiturtle_sync/__init__.py to __init__.cpython-310.pyc
[1.204s] running install_data
[1.204s] creating /home/sam/multiturtle_ws/install/multiturtle_sync/share/ament_index
[1.204s] creating /home/sam/multiturtle_ws/install/multiturtle_sync/share/ament_index/resource_index
[1.204s] creating /home/sam/multiturtle_ws/install/multiturtle_sync/share/ament_index/resource_index/packages
[1.204s] copying resource/multiturtle_sync -> /home/sam/multiturtle_ws/install/multiturtle_sync/share/ament_index/resource_index/packages
[1.204s] copying package.xml -> /home/sam/multiturtle_ws/install/multiturtle_sync/share/multiturtle_sync
[1.205s] running install_egg_info
[1.221s] Copying ../../build/multiturtle_sync/multiturtle_sync.egg-info to /home/sam/multiturtle_ws/install/multiturtle_sync/lib/python3.10/site-packages/multiturtle_sync-0.0.0-py3.10.egg-info
[1.222s] running install_scripts
[1.390s] Installing synchronized_drawer script to /home/sam/multiturtle_ws/install/multiturtle_sync/lib/multiturtle_sync
[1.390s] writing list of installed files to '/home/sam/multiturtle_ws/build/multiturtle_sync/install.log'
[1.418s] Invoked command in '/home/sam/multiturtle_ws/src/multiturtle_sync' returned '0': PYTHONPATH=/home/sam/multiturtle_ws/build/multiturtle_sync/prefix_override:/usr/lib/python3/dist-packages/colcon_core/task/python/colcon_distutils_commands:/home/sam/multiturtle_ws/install/multiturtle_sync/lib/python3.10/site-packages:${PYTHONPATH} /usr/bin/python3 -W ignore:setup.py install is deprecated -W ignore:easy_install command is deprecated setup.py egg_info --egg-base ../../build/multiturtle_sync build --build-base /home/sam/multiturtle_ws/build/multiturtle_sync/build install --record /home/sam/multiturtle_ws/build/multiturtle_sync/install.log --single-version-externally-managed install_data
