[1.119s] Invoking command in '/home/sam/multiturtle_ws/src/multiturtle_sync': PYTHONPATH=/home/sam/multiturtle_ws/build/multiturtle_sync/prefix_override:/usr/lib/python3/dist-packages/colcon_core/task/python/colcon_distutils_commands:/home/sam/multiturtle_ws/install/multiturtle_sync/lib/python3.10/site-packages:${PYTHONPATH} /usr/bin/python3 -W ignore:setup.py install is deprecated -W ignore:easy_install command is deprecated setup.py egg_info --egg-base ../../build/multiturtle_sync build --build-base /home/sam/multiturtle_ws/build/multiturtle_sync/build install --record /home/sam/multiturtle_ws/build/multiturtle_sync/install.log --single-version-externally-managed install_data
[1.399s] running egg_info
[1.416s] writing ../../build/multiturtle_sync/multiturtle_sync.egg-info/PKG-INFO
[1.416s] writing dependency_links to ../../build/multiturtle_sync/multiturtle_sync.egg-info/dependency_links.txt
[1.417s] writing entry points to ../../build/multiturtle_sync/multiturtle_sync.egg-info/entry_points.txt
[1.417s] writing requirements to ../../build/multiturtle_sync/multiturtle_sync.egg-info/requires.txt
[1.417s] writing top-level names to ../../build/multiturtle_sync/multiturtle_sync.egg-info/top_level.txt
[1.454s] reading manifest file '../../build/multiturtle_sync/multiturtle_sync.egg-info/SOURCES.txt'
[1.456s] writing manifest file '../../build/multiturtle_sync/multiturtle_sync.egg-info/SOURCES.txt'
[1.456s] running build
[1.456s] running build_py
[1.456s] copying multiturtle_sync/gui_simple.py -> /home/sam/multiturtle_ws/build/multiturtle_sync/build/lib/multiturtle_sync
[1.456s] copying multiturtle_sync/drawing_controller.py -> /home/sam/multiturtle_ws/build/multiturtle_sync/build/lib/multiturtle_sync
[1.457s] running install
[1.465s] running install_lib
[1.485s] copying /home/sam/multiturtle_ws/build/multiturtle_sync/build/lib/multiturtle_sync/gui_simple.py -> /home/sam/multiturtle_ws/install/multiturtle_sync/lib/python3.10/site-packages/multiturtle_sync
[1.485s] copying /home/sam/multiturtle_ws/build/multiturtle_sync/build/lib/multiturtle_sync/drawing_controller.py -> /home/sam/multiturtle_ws/install/multiturtle_sync/lib/python3.10/site-packages/multiturtle_sync
[1.486s] byte-compiling /home/sam/multiturtle_ws/install/multiturtle_sync/lib/python3.10/site-packages/multiturtle_sync/gui_simple.py to gui_simple.cpython-310.pyc
[1.487s] byte-compiling /home/sam/multiturtle_ws/install/multiturtle_sync/lib/python3.10/site-packages/multiturtle_sync/drawing_controller.py to drawing_controller.cpython-310.pyc
[1.489s] running install_data
[1.489s] running install_egg_info
[1.508s] removing '/home/sam/multiturtle_ws/install/multiturtle_sync/lib/python3.10/site-packages/multiturtle_sync-0.0.0-py3.10.egg-info' (and everything under it)
[1.508s] Copying ../../build/multiturtle_sync/multiturtle_sync.egg-info to /home/sam/multiturtle_ws/install/multiturtle_sync/lib/python3.10/site-packages/multiturtle_sync-0.0.0-py3.10.egg-info
[1.509s] running install_scripts
[1.696s] Installing drawing_controller script to /home/sam/multiturtle_ws/install/multiturtle_sync/lib/multiturtle_sync
[1.696s] Installing synchronized_drawer script to /home/sam/multiturtle_ws/install/multiturtle_sync/lib/multiturtle_sync
[1.696s] writing list of installed files to '/home/sam/multiturtle_ws/build/multiturtle_sync/install.log'
[1.731s] Invoked command in '/home/sam/multiturtle_ws/src/multiturtle_sync' returned '0': PYTHONPATH=/home/sam/multiturtle_ws/build/multiturtle_sync/prefix_override:/usr/lib/python3/dist-packages/colcon_core/task/python/colcon_distutils_commands:/home/sam/multiturtle_ws/install/multiturtle_sync/lib/python3.10/site-packages:${PYTHONPATH} /usr/bin/python3 -W ignore:setup.py install is deprecated -W ignore:easy_install command is deprecated setup.py egg_info --egg-base ../../build/multiturtle_sync build --build-base /home/sam/multiturtle_ws/build/multiturtle_sync/build install --record /home/sam/multiturtle_ws/build/multiturtle_sync/install.log --single-version-externally-managed install_data
