/home/sam/multiturtle_ws/install/multiturtle_sync/lib/python3.10/site-packages/multiturtle_sync/command_sender.py
/home/sam/multiturtle_ws/install/multiturtle_sync/lib/python3.10/site-packages/multiturtle_sync/synchronized_drawer.py
/home/sam/multiturtle_ws/install/multiturtle_sync/lib/python3.10/site-packages/multiturtle_sync/pattern_selector_gui.py
/home/sam/multiturtle_ws/install/multiturtle_sync/lib/python3.10/site-packages/multiturtle_sync/__init__.py
/home/sam/multiturtle_ws/install/multiturtle_sync/lib/python3.10/site-packages/multiturtle_sync/drawing_controller.py
/home/sam/multiturtle_ws/install/multiturtle_sync/lib/python3.10/site-packages/multiturtle_sync/__pycache__/command_sender.cpython-310.pyc
/home/sam/multiturtle_ws/install/multiturtle_sync/lib/python3.10/site-packages/multiturtle_sync/__pycache__/synchronized_drawer.cpython-310.pyc
/home/sam/multiturtle_ws/install/multiturtle_sync/lib/python3.10/site-packages/multiturtle_sync/__pycache__/pattern_selector_gui.cpython-310.pyc
/home/sam/multiturtle_ws/install/multiturtle_sync/lib/python3.10/site-packages/multiturtle_sync/__pycache__/__init__.cpython-310.pyc
/home/sam/multiturtle_ws/install/multiturtle_sync/lib/python3.10/site-packages/multiturtle_sync/__pycache__/drawing_controller.cpython-310.pyc
/home/sam/multiturtle_ws/install/multiturtle_sync/share/ament_index/resource_index/packages/multiturtle_sync
/home/sam/multiturtle_ws/install/multiturtle_sync/share/multiturtle_sync/package.xml
/home/sam/multiturtle_ws/install/multiturtle_sync/lib/python3.10/site-packages/multiturtle_sync-0.0.0-py3.10.egg-info/PKG-INFO
/home/sam/multiturtle_ws/install/multiturtle_sync/lib/python3.10/site-packages/multiturtle_sync-0.0.0-py3.10.egg-info/entry_points.txt
/home/sam/multiturtle_ws/install/multiturtle_sync/lib/python3.10/site-packages/multiturtle_sync-0.0.0-py3.10.egg-info/requires.txt
/home/sam/multiturtle_ws/install/multiturtle_sync/lib/python3.10/site-packages/multiturtle_sync-0.0.0-py3.10.egg-info/SOURCES.txt
/home/sam/multiturtle_ws/install/multiturtle_sync/lib/python3.10/site-packages/multiturtle_sync-0.0.0-py3.10.egg-info/zip-safe
/home/sam/multiturtle_ws/install/multiturtle_sync/lib/python3.10/site-packages/multiturtle_sync-0.0.0-py3.10.egg-info/dependency_links.txt
/home/sam/multiturtle_ws/install/multiturtle_sync/lib/python3.10/site-packages/multiturtle_sync-0.0.0-py3.10.egg-info/top_level.txt
/home/sam/multiturtle_ws/install/multiturtle_sync/lib/multiturtle_sync/command_sender
/home/sam/multiturtle_ws/install/multiturtle_sync/lib/multiturtle_sync/drawing_controller
/home/sam/multiturtle_ws/install/multiturtle_sync/lib/multiturtle_sync/synchronized_drawer
